<?xml version="1.0" encoding="UTF-8"?>
<!-- Generated by org.testng.reporters.JUnitReportReporter -->
<testsuite hostname="DESKTOP-74NHGKL" failures="0" tests="1" name="com.inetbanking.testCases.TC03_AddNewCustomer" time="10.666" errors="0" timestamp="02 Oct 2021 11:24:47 GMT" skipped="0">
  <testcase classname="com.inetbanking.testCases.TC03_AddNewCustomer" name="addNewCustomer" time="10.666"/>
</testsuite> <!-- com.inetbanking.testCases.TC03_AddNewCustomer -->
