<?xml version="1.0" encoding="UTF-8"?>
<!-- Generated by org.testng.reporters.JUnitReportReporter -->
<testsuite hostname="DESKTOP-74NHGKL" failures="0" tests="1" name="com.inetbanking.testCases.TC03_AddNewCustomer" time="11.409" errors="0" timestamp="03 Oct 2021 06:52:09 GMT" skipped="0">
  <testcase classname="com.inetbanking.testCases.TC03_AddNewCustomer" name="addNewCustomer" time="11.409"/>
</testsuite> <!-- com.inetbanking.testCases.TC03_AddNewCustomer -->
