<?xml version="1.0" encoding="UTF-8"?>
<!-- Generated by org.testng.reporters.JUnitReportReporter -->
<testsuite hostname="DESKTOP-74NHGKL" failures="0" tests="3" name="com.inetbanking.testCases.TC02_LoginDDT" time="23.593" errors="0" timestamp="03 Oct 2021 06:52:09 GMT" skipped="0">
  <testcase classname="com.inetbanking.testCases.TC02_LoginDDT" name="loginDDT" time="8.310"/>
  <testcase classname="com.inetbanking.testCases.TC02_LoginDDT" name="loginDDT" time="9.318"/>
  <testcase classname="com.inetbanking.testCases.TC02_LoginDDT" name="loginDDT" time="5.965"/>
</testsuite> <!-- com.inetbanking.testCases.TC02_LoginDDT -->
